<?xml version="1.0" encoding="UTF-8"?>
<testsuite name="com.example.restservice.GreetingControllerTests" tests="2" skipped="0" failures="0" errors="0" timestamp="2024-01-23T04:13:55" hostname="71-27647" time="0.556">
  <properties/>
  <testcase name="noParamGreetingShouldReturnDefaultMessage()" classname="com.example.restservice.GreetingControllerTests" time="0.544"/>
  <testcase name="paramGreetingShouldReturnTailoredMessage()" classname="com.example.restservice.GreetingControllerTests" time="0.01"/>
  <system-out><![CDATA[13:13:53.588 [Test worker] DEBUG org.springframework.boot.test.context.SpringBootTestContextBootstrapper - Neither @ContextConfiguration nor @ContextHierarchy found for test class [GreetingControllerTests]: using SpringBootContextLoader
13:13:53.593 [Test worker] DEBUG org.springframework.test.context.support.AbstractContextLoader - Could not detect default resource locations for test class [com.example.restservice.GreetingControllerTests]: no resource found for suffixes {-context.xml, Context.groovy}.
13:13:53.594 [Test worker] INFO org.springframework.test.context.support.AnnotationConfigContextLoaderUtils - Could not detect default configuration classes for test class [com.example.restservice.GreetingControllerTests]: GreetingControllerTests does not declare any static, non-private, non-final, nested classes annotated with @Configuration.
13:13:53.629 [Test worker] DEBUG org.springframework.boot.test.context.SpringBootTestContextBootstrapper - Using ContextCustomizers for test class [GreetingControllerTests]: [DisableObservabilityContextCustomizer, PropertyMappingContextCustomizer, Customizer, ImportsContextCustomizer, ExcludeFilterContextCustomizer, DuplicateJsonObjectContextCustomizer, MockitoContextCustomizer, TestRestTemplateContextCustomizer]
13:13:53.693 [Test worker] DEBUG org.springframework.context.annotation.ClassPathScanningCandidateComponentProvider - Identified candidate component class: file [C:\Users\OPST-7647\work\aqua_ci\sample-spring-boot\build\classes\java\main\com\example\restservice\RestServiceApplication.class]
13:13:53.696 [Test worker] INFO org.springframework.boot.test.context.SpringBootTestContextBootstrapper - Found @SpringBootConfiguration com.example.restservice.RestServiceApplication for test class com.example.restservice.GreetingControllerTests
13:13:53.777 [Test worker] DEBUG org.springframework.test.context.util.TestContextSpringFactoriesUtils - Skipping candidate TestExecutionListener [org.springframework.test.context.transaction.TransactionalTestExecutionListener] due to a missing dependency. Specify custom TestExecutionListener classes or make the default TestExecutionListener classes and their required dependencies available. Offending class: [org/springframework/transaction/interceptor/TransactionAttributeSource]
13:13:53.778 [Test worker] DEBUG org.springframework.test.context.util.TestContextSpringFactoriesUtils - Skipping candidate TestExecutionListener [org.springframework.test.context.jdbc.SqlScriptsTestExecutionListener] due to a missing dependency. Specify custom TestExecutionListener classes or make the default TestExecutionListener classes and their required dependencies available. Offending class: [org/springframework/transaction/interceptor/TransactionAttribute]
13:13:53.780 [Test worker] DEBUG org.springframework.boot.test.context.SpringBootTestContextBootstrapper - Using TestExecutionListeners for test class [GreetingControllerTests]: [ServletTestExecutionListener, DirtiesContextBeforeModesTestExecutionListener, ApplicationEventsTestExecutionListener, MockitoTestExecutionListener, DependencyInjectionTestExecutionListener, DirtiesContextTestExecutionListener, EventPublishingTestExecutionListener, RestDocsTestExecutionListener, MockRestServiceServerResetTestExecutionListener, MockMvcPrintOnlyOnFailureTestExecutionListener, WebDriverTestExecutionListener, MockWebServiceServerTestExecutionListener, ResetMocksTestExecutionListener]
13:13:53.780 [Test worker] DEBUG org.springframework.test.context.support.AbstractDirtiesContextTestExecutionListener - Before test class: class [GreetingControllerTests], class annotated with @DirtiesContext [false] with mode [null]

  .   ____          _            __ _ _
 /\\ / ___'_ __ _ _(_)_ __  __ _ \ \ \ \
( ( )\___ | '_ | '_| | '_ \/ _` | \ \ \ \
 \\/  ___)| |_)| | | | | || (_| |  ) ) ) )
  '  |____| .__|_| |_|_| |_\__, | / / / /
 =========|_|==============|___/=/_/_/_/
 :: Spring Boot ::                (v3.0.0)

2024-01-23T13:13:54.042+09:00  INFO 16336 --- [    Test worker] c.e.restservice.GreetingControllerTests  : Starting GreetingControllerTests using Java 17.0.6 with PID 16336 (started by OPST-7647 in C:\Users\OPST-7647\work\aqua_ci\sample-spring-boot)
2024-01-23T13:13:54.044+09:00  INFO 16336 --- [    Test worker] c.e.restservice.GreetingControllerTests  : No active profile set, falling back to 1 default profile: "default"
2024-01-23T13:13:54.991+09:00  INFO 16336 --- [    Test worker] o.s.b.t.m.w.SpringBootMockServletContext : Initializing Spring TestDispatcherServlet ''
2024-01-23T13:13:54.991+09:00  INFO 16336 --- [    Test worker] o.s.t.web.servlet.TestDispatcherServlet  : Initializing Servlet ''
2024-01-23T13:13:54.995+09:00  INFO 16336 --- [    Test worker] o.s.t.web.servlet.TestDispatcherServlet  : Completed initialization in 1 ms
2024-01-23T13:13:55.027+09:00  INFO 16336 --- [    Test worker] c.e.restservice.GreetingControllerTests  : Started GreetingControllerTests in 1.207 seconds (process running for 3.519)
#############################

MockHttpServletRequest:
      HTTP Method = GET
      Request URI = /greeting
       Parameters = {}
          Headers = []
             Body = null
    Session Attrs = {}

Handler:
             Type = com.example.restservice.GreetingController
           Method = com.example.restservice.GreetingController#greeting(String)

Async:
    Async started = false
     Async result = null

Resolved Exception:
             Type = null

ModelAndView:
        View name = null
             View = null
            Model = null

FlashMap:
       Attributes = null

MockHttpServletResponse:
           Status = 200
    Error message = null
          Headers = [Content-Type:"application/json"]
     Content type = application/json
             Body = {"id":1,"content":"Hello, World!"}
    Forwarded URL = null
   Redirected URL = null
          Cookies = []

MockHttpServletRequest:
      HTTP Method = GET
      Request URI = /greeting
       Parameters = {name=[Spring Community]}
          Headers = []
             Body = null
    Session Attrs = {}

Handler:
             Type = com.example.restservice.GreetingController
           Method = com.example.restservice.GreetingController#greeting(String)

Async:
    Async started = false
     Async result = null

Resolved Exception:
             Type = null

ModelAndView:
        View name = null
             View = null
            Model = null

FlashMap:
       Attributes = null

MockHttpServletResponse:
           Status = 200
    Error message = null
          Headers = [Content-Type:"application/json"]
     Content type = application/json
             Body = {"id":2,"content":"Hello, Spring Community!"}
    Forwarded URL = null
   Redirected URL = null
          Cookies = []
]]></system-out>
  <system-err><![CDATA[]]></system-err>
</testsuite>
